<?xml version="1.0" encoding="UTF-8"?>
<!-- Generated by org.testng.reporters.JUnitXMLReporter -->
<testsuite ignored="0" hostname="DESKTOP-GQ9UDL2" failures="0" tests="9" name="Default test" time="52.904" errors="0" timestamp="2021-05-28T01:03:42 EDT">
  <testcase classname="TestingGroupID.Selfstudy.Browser" name="CVS001" time="6.205"/>
  <testcase classname="TestingGroupID.Selfstudy.Browser" name="CVS002" time="4.083"/>
  <testcase classname="TestingGroupID.Selfstudy.Browser" name="CVS003" time="2.736"/>
  <testcase classname="TestingGroupID.Selfstudy.Browser" name="CVS004" time="0.924"/>
  <testcase classname="TestingGroupID.Selfstudy.Browser" name="CVS005" time="2.032"/>
  <testcase classname="TestingGroupID.Selfstudy.Browser" name="CVS006" time="0.528"/>
  <testcase classname="TestingGroupID.Selfstudy.Browser" name="CVS007" time="0.482"/>
  <testcase classname="TestingGroupID.Selfstudy.Browser" name="CVS008" time="0.429"/>
  <testcase classname="TestingGroupID.Selfstudy.Browser" name="CVS009" time="0.371"/>
</testsuite> <!-- Default test -->
