<?xml version="1.0" encoding="UTF-8"?>
<!-- Generated by org.testng.reporters.JUnitXMLReporter -->
<testsuite ignored="0" hostname="DESKTOP-GQ9UDL2" failures="0" tests="9" name="Assignment" time="82.222" errors="0" timestamp="2021-05-28T09:57:54 EDT">
  <testcase classname="TestingGroupID.Selfstudy.Browser" name="CVS001" time="10.421"/>
  <testcase classname="TestingGroupID.Selfstudy.Browser" name="CVS002" time="6.567"/>
  <testcase classname="TestingGroupID.Selfstudy.Browser" name="CVS003" time="0.878"/>
  <testcase classname="TestingGroupID.Selfstudy.Browser" name="CVS004" time="0.929"/>
  <testcase classname="TestingGroupID.Selfstudy.Browser" name="CVS005" time="0.49"/>
  <testcase classname="TestingGroupID.Selfstudy.Browser" name="CVS006" time="1.465"/>
  <testcase classname="TestingGroupID.Selfstudy.Browser" name="CVS007" time="0.399"/>
  <testcase classname="TestingGroupID.Selfstudy.Browser" name="CVS008" time="0.278"/>
  <testcase classname="TestingGroupID.Selfstudy.Browser" name="CVS009" time="0.38"/>
</testsuite> <!-- Assignment -->
